Vivado Simulator 2015.4
Time resolution is 1 ps
New state is x and occurs at                    0
Output changes at                 5000 to 0
New state is 0 and occurs at                 5000
New state is 1 and occurs at                25000
New state is 2 and occurs at                35000
Output changes at                45000 to 1
New state is 3 and occurs at                45000
Output changes at                55000 to 0
New state is 2 and occurs at                55000
Output changes at                65000 to 1
New state is 3 and occurs at                65000
Output changes at                75000 to 0
New state is 2 and occurs at                75000
Output changes at                85000 to 1
New state is 3 and occurs at                85000
Output changes at                95000 to 0
New state is 2 and occurs at                95000
Output changes at               105000 to 1
New state is 3 and occurs at               105000
Output changes at               115000 to 0
New state is 2 and occurs at               115000
Output changes at               125000 to 1
New state is 3 and occurs at               125000
Output changes at               135000 to 0
New state is 2 and occurs at               135000
Output changes at               145000 to 1
New state is 3 and occurs at               145000
Output changes at               155000 to 0
New state is 2 and occurs at               155000
Output changes at               165000 to 1
New state is 3 and occurs at               165000
Output changes at               175000 to 0
New state is 2 and occurs at               175000
Output changes at               185000 to 1
New state is 3 and occurs at               185000
Output changes at               195000 to 0
New state is 2 and occurs at               195000
Output changes at               205000 to 1
New state is 3 and occurs at               205000
Output changes at               215000 to 0
New state is 2 and occurs at               215000
Output changes at               225000 to 1
New state is 3 and occurs at               225000
Output changes at               235000 to 0
New state is 2 and occurs at               235000
Output changes at               245000 to 1
New state is 3 and occurs at               245000
Output changes at               255000 to 0
New state is 2 and occurs at               255000
Output changes at               265000 to 1
New state is 3 and occurs at               265000
Output changes at               275000 to 0
New state is 2 and occurs at               275000
Output changes at               285000 to 1
New state is 3 and occurs at               285000
Output changes at               295000 to 0
New state is 2 and occurs at               295000
Output changes at               305000 to 1
New state is 3 and occurs at               305000
Output changes at               315000 to 0
New state is 2 and occurs at               315000
Output changes at               325000 to 1
New state is 3 and occurs at               325000
Output changes at               335000 to 0
New state is 2 and occurs at               335000
Output changes at               345000 to 1
New state is 3 and occurs at               345000
Output changes at               355000 to 0
New state is 2 and occurs at               355000
Output changes at               365000 to 1
New state is 3 and occurs at               365000
Output changes at               375000 to 0
New state is 2 and occurs at               375000
Output changes at               385000 to 1
New state is 3 and occurs at               385000
Output changes at               395000 to 0
New state is 2 and occurs at               395000
Output changes at               405000 to 1
New state is 3 and occurs at               405000
Output changes at               415000 to 0
New state is 2 and occurs at               415000
Output changes at               425000 to 1
New state is 3 and occurs at               425000
Output changes at               435000 to 0
New state is 2 and occurs at               435000
Output changes at               445000 to 1
New state is 3 and occurs at               445000
Output changes at               455000 to 0
New state is 2 and occurs at               455000
Output changes at               465000 to 1
New state is 3 and occurs at               465000
Output changes at               475000 to 0
New state is 2 and occurs at               475000
Output changes at               485000 to 1
New state is 3 and occurs at               485000
Output changes at               495000 to 0
New state is 2 and occurs at               495000
Output changes at               505000 to 1
New state is 3 and occurs at               505000
Output changes at               515000 to 0
New state is 2 and occurs at               515000
Output changes at               525000 to 1
New state is 3 and occurs at               525000
Output changes at               535000 to 0
New state is 2 and occurs at               535000
Output changes at               545000 to 1
New state is 3 and occurs at               545000
Output changes at               555000 to 0
New state is 2 and occurs at               555000
Output changes at               565000 to 1
New state is 3 and occurs at               565000
Output changes at               575000 to 0
New state is 2 and occurs at               575000
Output changes at               585000 to 1
New state is 3 and occurs at               585000
Output changes at               595000 to 0
New state is 2 and occurs at               595000
Output changes at               605000 to 1
New state is 3 and occurs at               605000
Output changes at               615000 to 0
New state is 2 and occurs at               615000
Output changes at               625000 to 1
New state is 3 and occurs at               625000
Output changes at               635000 to 0
New state is 2 and occurs at               635000
Output changes at               645000 to 1
New state is 3 and occurs at               645000
Output changes at               655000 to 0
New state is 2 and occurs at               655000
Output changes at               665000 to 1
New state is 3 and occurs at               665000
Output changes at               675000 to 0
New state is 2 and occurs at               675000
Output changes at               685000 to 1
New state is 3 and occurs at               685000
Output changes at               695000 to 0
New state is 2 and occurs at               695000
Output changes at               705000 to 1
New state is 3 and occurs at               705000
Output changes at               715000 to 0
New state is 2 and occurs at               715000
Output changes at               725000 to 1
New state is 3 and occurs at               725000
Output changes at               735000 to 0
New state is 2 and occurs at               735000
Output changes at               745000 to 1
New state is 3 and occurs at               745000
Output changes at               755000 to 0
New state is 2 and occurs at               755000
Output changes at               765000 to 1
New state is 3 and occurs at               765000
Output changes at               775000 to 0
New state is 2 and occurs at               775000
Output changes at               785000 to 1
New state is 3 and occurs at               785000
Output changes at               795000 to 0
New state is 2 and occurs at               795000
Output changes at               805000 to 1
New state is 3 and occurs at               805000
Output changes at               815000 to 0
New state is 2 and occurs at               815000
Output changes at               825000 to 1
New state is 3 and occurs at               825000
Output changes at               835000 to 0
New state is 2 and occurs at               835000
Output changes at               845000 to 1
New state is 3 and occurs at               845000
Output changes at               855000 to 0
New state is 2 and occurs at               855000
Output changes at               865000 to 1
New state is 3 and occurs at               865000
Output changes at               875000 to 0
New state is 2 and occurs at               875000
Output changes at               885000 to 1
New state is 3 and occurs at               885000
Output changes at               895000 to 0
New state is 2 and occurs at               895000
Output changes at               905000 to 1
New state is 3 and occurs at               905000
Output changes at               915000 to 0
New state is 2 and occurs at               915000
Output changes at               925000 to 1
New state is 3 and occurs at               925000
Output changes at               935000 to 0
New state is 2 and occurs at               935000
Output changes at               945000 to 1
New state is 3 and occurs at               945000
Output changes at               955000 to 0
New state is 2 and occurs at               955000
Output changes at               965000 to 1
New state is 3 and occurs at               965000
Output changes at               975000 to 0
New state is 2 and occurs at               975000
Output changes at               985000 to 1
New state is 3 and occurs at               985000
Output changes at               995000 to 0
New state is 2 and occurs at               995000
