
*** Running vivado
    with args -log lab7_1.vds -m64 -mode batch -messageDb vivado.pb -notrace -source lab7_1.tcl


****** Vivado v2015.2 (64-bit)
  **** SW Build 1266856 on Fri Jun 26 16:35:25 MDT 2015
  **** IP Build 1264090 on Wed Jun 24 14:22:01 MDT 2015
    ** Copyright 1986-2015 Xilinx, Inc. All Rights Reserved.

source lab7_1.tcl -notrace
Command: synth_design -top lab7_1 -part xc7a100tcsg324-1
Starting synth_design
Attempting to get a license for feature 'Synthesis' and/or device 'xc7a100t'
INFO: [Common 17-349] Got license for feature 'Synthesis' and/or device 'xc7a100t'
INFO: [Common 17-86] Your Synthesis license expires in 24 day(s)
INFO: [Common 17-1223] The version limit for your license is '2016.05' and will expire in -181 days. A version limit expiration means that, although you may be able to continue to use the current version of tools or IP with this license, you will not be eligible for any updates or new releases.
---------------------------------------------------------------------------------
Starting RTL Elaboration : Time (s): cpu = 00:00:08 ; elapsed = 00:00:09 . Memory (MB): peak = 265.141 ; gain = 53.266
---------------------------------------------------------------------------------
INFO: [Synth 8-638] synthesizing module 'lab7_1' [C:/Users/Administrator/Desktop/study/shuluolab/lab7/lab7_1/lab7_1.srcs/sources_1/new/lab7_1.v:37]
INFO: [Synth 8-638] synthesizing module 'clkdiv' [C:/Users/Administrator/Desktop/study/shuluolab/lab7/lab7_1/lab7_1.srcs/sources_1/new/lab7_1.v:22]
INFO: [Synth 8-256] done synthesizing module 'clkdiv' (1#1) [C:/Users/Administrator/Desktop/study/shuluolab/lab7/lab7_1/lab7_1.srcs/sources_1/new/lab7_1.v:22]
WARNING: [Synth 8-567] referenced signal 'B' should be on the sensitivity list [C:/Users/Administrator/Desktop/study/shuluolab/lab7/lab7_1/lab7_1.srcs/sources_1/new/lab7_1.v:70]
WARNING: [Synth 8-567] referenced signal 'A' should be on the sensitivity list [C:/Users/Administrator/Desktop/study/shuluolab/lab7/lab7_1/lab7_1.srcs/sources_1/new/lab7_1.v:70]
INFO: [Synth 8-256] done synthesizing module 'lab7_1' (2#1) [C:/Users/Administrator/Desktop/study/shuluolab/lab7/lab7_1/lab7_1.srcs/sources_1/new/lab7_1.v:37]
---------------------------------------------------------------------------------
Finished RTL Elaboration : Time (s): cpu = 00:00:09 ; elapsed = 00:00:11 . Memory (MB): peak = 299.273 ; gain = 87.398
---------------------------------------------------------------------------------

Report Check Netlist: 
+------+------------------+-------+---------+-------+------------------+
|      |Item              |Errors |Warnings |Status |Description       |
+------+------------------+-------+---------+-------+------------------+
|1     |multi_driven_nets |      0|        0|Passed |Multi driven nets |
+------+------------------+-------+---------+-------+------------------+
---------------------------------------------------------------------------------
Finished RTL Optimization Phase 1 : Time (s): cpu = 00:00:09 ; elapsed = 00:00:11 . Memory (MB): peak = 299.273 ; gain = 87.398
---------------------------------------------------------------------------------
INFO: [Device 21-403] Loading part xc7a100tcsg324-1
INFO: [Project 1-570] Preparing netlist for logic optimization

Processing XDC Constraints
Initializing timing engine
Parsing XDC File [C:/Users/Administrator/Desktop/study/shuluolab/lab7/lab7_1/lab7_1.srcs/constrs_1/new/lab7_1.xdc]
Finished Parsing XDC File [C:/Users/Administrator/Desktop/study/shuluolab/lab7/lab7_1/lab7_1.srcs/constrs_1/new/lab7_1.xdc]
Completed Processing XDC Constraints

INFO: [Project 1-111] Unisim Transformation Summary:
No Unisim elements were transformed.

Constraint Validation Runtime : Time (s): cpu = 00:00:00 ; elapsed = 00:00:00.007 . Memory (MB): peak = 605.367 ; gain = 0.000
---------------------------------------------------------------------------------
Finished Constraint Validation : Time (s): cpu = 00:00:21 ; elapsed = 00:00:24 . Memory (MB): peak = 605.367 ; gain = 393.492
---------------------------------------------------------------------------------
---------------------------------------------------------------------------------
Start Loading Part and Timing Information
---------------------------------------------------------------------------------
Loading part: xc7a100tcsg324-1
---------------------------------------------------------------------------------
Finished Loading Part and Timing Information : Time (s): cpu = 00:00:21 ; elapsed = 00:00:24 . Memory (MB): peak = 605.367 ; gain = 393.492
---------------------------------------------------------------------------------
---------------------------------------------------------------------------------
Start Applying 'set_property' XDC Constraints
---------------------------------------------------------------------------------
incorrect argument "-dict" for "set_property" at line 3 of file C:/Users/Administrator/Desktop/study/shuluolab/lab7/lab7_1/lab7_1.srcs/constrs_1/new/lab7_1.xdc
incorrect set of required parameters for "set_property" at line 3 of file C:/Users/Administrator/Desktop/study/shuluolab/lab7/lab7_1/lab7_1.srcs/constrs_1/new/lab7_1.xdc
---------------------------------------------------------------------
Usage:
  set_property
    [-help]
    [-quiet]
    attribute
    value
    object
    [{>|>>} <stdoutFile>]
---------------------------------------------------------------------
incorrect argument "-dict" for "set_property" at line 9 of file C:/Users/Administrator/Desktop/study/shuluolab/lab7/lab7_1/lab7_1.srcs/constrs_1/new/lab7_1.xdc
incorrect set of required parameters for "set_property" at line 9 of file C:/Users/Administrator/Desktop/study/shuluolab/lab7/lab7_1/lab7_1.srcs/constrs_1/new/lab7_1.xdc
---------------------------------------------------------------------
Usage:
  set_property
    [-help]
    [-quiet]
    attribute
    value
    object
    [{>|>>} <stdoutFile>]
---------------------------------------------------------------------
incorrect argument "-dict" for "set_property" at line 10 of file C:/Users/Administrator/Desktop/study/shuluolab/lab7/lab7_1/lab7_1.srcs/constrs_1/new/lab7_1.xdc
incorrect set of required parameters for "set_property" at line 10 of file C:/Users/Administrator/Desktop/study/shuluolab/lab7/lab7_1/lab7_1.srcs/constrs_1/new/lab7_1.xdc
---------------------------------------------------------------------
Usage:
  set_property
    [-help]
    [-quiet]
    attribute
    value
    object
    [{>|>>} <stdoutFile>]
---------------------------------------------------------------------
incorrect argument "-dict" for "set_property" at line 11 of file C:/Users/Administrator/Desktop/study/shuluolab/lab7/lab7_1/lab7_1.srcs/constrs_1/new/lab7_1.xdc
incorrect set of required parameters for "set_property" at line 11 of file C:/Users/Administrator/Desktop/study/shuluolab/lab7/lab7_1/lab7_1.srcs/constrs_1/new/lab7_1.xdc
---------------------------------------------------------------------
Usage:
  set_property
    [-help]
    [-quiet]
    attribute
    value
    object
    [{>|>>} <stdoutFile>]
---------------------------------------------------------------------
incorrect argument "-dict" for "set_property" at line 17 of file C:/Users/Administrator/Desktop/study/shuluolab/lab7/lab7_1/lab7_1.srcs/constrs_1/new/lab7_1.xdc
incorrect set of required parameters for "set_property" at line 17 of file C:/Users/Administrator/Desktop/study/shuluolab/lab7/lab7_1/lab7_1.srcs/constrs_1/new/lab7_1.xdc
---------------------------------------------------------------------
Usage:
  set_property
    [-help]
    [-quiet]
    attribute
    value
    object
    [{>|>>} <stdoutFile>]
---------------------------------------------------------------------
incorrect argument "-dict" for "set_property" at line 18 of file C:/Users/Administrator/Desktop/study/shuluolab/lab7/lab7_1/lab7_1.srcs/constrs_1/new/lab7_1.xdc
incorrect set of required parameters for "set_property" at line 18 of file C:/Users/Administrator/Desktop/study/shuluolab/lab7/lab7_1/lab7_1.srcs/constrs_1/new/lab7_1.xdc
---------------------------------------------------------------------
Usage:
  set_property
    [-help]
    [-quiet]
    attribute
    value
    object
    [{>|>>} <stdoutFile>]
---------------------------------------------------------------------
incorrect argument "-dict" for "set_property" at line 19 of file C:/Users/Administrator/Desktop/study/shuluolab/lab7/lab7_1/lab7_1.srcs/constrs_1/new/lab7_1.xdc
incorrect set of required parameters for "set_property" at line 19 of file C:/Users/Administrator/Desktop/study/shuluolab/lab7/lab7_1/lab7_1.srcs/constrs_1/new/lab7_1.xdc
---------------------------------------------------------------------
Usage:
  set_property
    [-help]
    [-quiet]
    attribute
    value
    object
    [{>|>>} <stdoutFile>]
---------------------------------------------------------------------
incorrect argument "-dict" for "set_property" at line 20 of file C:/Users/Administrator/Desktop/study/shuluolab/lab7/lab7_1/lab7_1.srcs/constrs_1/new/lab7_1.xdc
incorrect set of required parameters for "set_property" at line 20 of file C:/Users/Administrator/Desktop/study/shuluolab/lab7/lab7_1/lab7_1.srcs/constrs_1/new/lab7_1.xdc
---------------------------------------------------------------------
Usage:
  set_property
    [-help]
    [-quiet]
    attribute
    value
    object
    [{>|>>} <stdoutFile>]
---------------------------------------------------------------------
incorrect argument "-dict" for "set_property" at line 21 of file C:/Users/Administrator/Desktop/study/shuluolab/lab7/lab7_1/lab7_1.srcs/constrs_1/new/lab7_1.xdc
incorrect set of required parameters for "set_property" at line 21 of file C:/Users/Administrator/Desktop/study/shuluolab/lab7/lab7_1/lab7_1.srcs/constrs_1/new/lab7_1.xdc
---------------------------------------------------------------------
Usage:
  set_property
    [-help]
    [-quiet]
    attribute
    value
    object
    [{>|>>} <stdoutFile>]
---------------------------------------------------------------------
incorrect argument "-dict" for "set_property" at line 22 of file C:/Users/Administrator/Desktop/study/shuluolab/lab7/lab7_1/lab7_1.srcs/constrs_1/new/lab7_1.xdc
incorrect set of required parameters for "set_property" at line 22 of file C:/Users/Administrator/Desktop/study/shuluolab/lab7/lab7_1/lab7_1.srcs/constrs_1/new/lab7_1.xdc
---------------------------------------------------------------------
Usage:
  set_property
    [-help]
    [-quiet]
    attribute
    value
    object
    [{>|>>} <stdoutFile>]
---------------------------------------------------------------------
incorrect argument "-dict" for "set_property" at line 23 of file C:/Users/Administrator/Desktop/study/shuluolab/lab7/lab7_1/lab7_1.srcs/constrs_1/new/lab7_1.xdc
incorrect set of required parameters for "set_property" at line 23 of file C:/Users/Administrator/Desktop/study/shuluolab/lab7/lab7_1/lab7_1.srcs/constrs_1/new/lab7_1.xdc
---------------------------------------------------------------------
Usage:
  set_property
    [-help]
    [-quiet]
    attribute
    value
    object
    [{>|>>} <stdoutFile>]
---------------------------------------------------------------------
incorrect argument "-dict" for "set_property" at line 24 of file C:/Users/Administrator/Desktop/study/shuluolab/lab7/lab7_1/lab7_1.srcs/constrs_1/new/lab7_1.xdc
incorrect set of required parameters for "set_property" at line 24 of file C:/Users/Administrator/Desktop/study/shuluolab/lab7/lab7_1/lab7_1.srcs/constrs_1/new/lab7_1.xdc
---------------------------------------------------------------------
Usage:
  set_property
    [-help]
    [-quiet]
    attribute
    value
    object
    [{>|>>} <stdoutFile>]
---------------------------------------------------------------------
incorrect argument "-dict" for "set_property" at line 25 of file C:/Users/Administrator/Desktop/study/shuluolab/lab7/lab7_1/lab7_1.srcs/constrs_1/new/lab7_1.xdc
incorrect set of required parameters for "set_property" at line 25 of file C:/Users/Administrator/Desktop/study/shuluolab/lab7/lab7_1/lab7_1.srcs/constrs_1/new/lab7_1.xdc
---------------------------------------------------------------------
Usage:
  set_property
    [-help]
    [-quiet]
    attribute
    value
    object
    [{>|>>} <stdoutFile>]
---------------------------------------------------------------------
incorrect argument "-dict" for "set_property" at line 26 of file C:/Users/Administrator/Desktop/study/shuluolab/lab7/lab7_1/lab7_1.srcs/constrs_1/new/lab7_1.xdc
incorrect set of required parameters for "set_property" at line 26 of file C:/Users/Administrator/Desktop/study/shuluolab/lab7/lab7_1/lab7_1.srcs/constrs_1/new/lab7_1.xdc
---------------------------------------------------------------------
Usage:
  set_property
    [-help]
    [-quiet]
    attribute
    value
    object
    [{>|>>} <stdoutFile>]
---------------------------------------------------------------------
incorrect argument "-dict" for "set_property" at line 27 of file C:/Users/Administrator/Desktop/study/shuluolab/lab7/lab7_1/lab7_1.srcs/constrs_1/new/lab7_1.xdc
incorrect set of required parameters for "set_property" at line 27 of file C:/Users/Administrator/Desktop/study/shuluolab/lab7/lab7_1/lab7_1.srcs/constrs_1/new/lab7_1.xdc
---------------------------------------------------------------------
Usage:
  set_property
    [-help]
    [-quiet]
    attribute
    value
    object
    [{>|>>} <stdoutFile>]
---------------------------------------------------------------------
incorrect argument "-dict" for "set_property" at line 28 of file C:/Users/Administrator/Desktop/study/shuluolab/lab7/lab7_1/lab7_1.srcs/constrs_1/new/lab7_1.xdc
incorrect set of required parameters for "set_property" at line 28 of file C:/Users/Administrator/Desktop/study/shuluolab/lab7/lab7_1/lab7_1.srcs/constrs_1/new/lab7_1.xdc
---------------------------------------------------------------------
Usage:
  set_property
    [-help]
    [-quiet]
    attribute
    value
    object
    [{>|>>} <stdoutFile>]
---------------------------------------------------------------------
---------------------------------------------------------------------------------
Finished applying 'set_property' XDC Constraints : Time (s): cpu = 00:00:21 ; elapsed = 00:00:24 . Memory (MB): peak = 605.367 ; gain = 393.492
---------------------------------------------------------------------------------
WARNING: [Synth 8-327] inferring latch for variable 'ns_reg' [C:/Users/Administrator/Desktop/study/shuluolab/lab7/lab7_1/lab7_1.srcs/sources_1/new/lab7_1.v:74]
---------------------------------------------------------------------------------
Finished RTL Optimization Phase 2 : Time (s): cpu = 00:00:22 ; elapsed = 00:00:24 . Memory (MB): peak = 605.367 ; gain = 393.492
---------------------------------------------------------------------------------

Report RTL Partitions: 
+-+--------------+------------+----------+
| |RTL Partition |Replication |Instances |
+-+--------------+------------+----------+
+-+--------------+------------+----------+
---------------------------------------------------------------------------------
Start RTL Component Statistics 
---------------------------------------------------------------------------------
Detailed RTL Component Info : 
+---Adders : 
	   2 Input      4 Bit       Adders := 1     
	   2 Input      2 Bit       Adders := 1     
+---Registers : 
	                4 Bit    Registers := 1     
	                2 Bit    Registers := 2     
	                1 Bit    Registers := 2     
+---Muxes : 
	   2 Input      4 Bit        Muxes := 1     
	   4 Input      3 Bit        Muxes := 2     
	   2 Input      2 Bit        Muxes := 1     
	   5 Input      2 Bit        Muxes := 1     
	   4 Input      1 Bit        Muxes := 1     
---------------------------------------------------------------------------------
Finished RTL Component Statistics 
---------------------------------------------------------------------------------
---------------------------------------------------------------------------------
Start RTL Hierarchical Component Statistics 
---------------------------------------------------------------------------------
Hierarchical RTL Component report 
Module lab7_1 
Detailed RTL Component Info : 
+---Adders : 
	   2 Input      4 Bit       Adders := 1     
	   2 Input      2 Bit       Adders := 1     
+---Registers : 
	                4 Bit    Registers := 1     
	                2 Bit    Registers := 2     
	                1 Bit    Registers := 2     
+---Muxes : 
	   2 Input      4 Bit        Muxes := 1     
	   4 Input      3 Bit        Muxes := 2     
	   2 Input      2 Bit        Muxes := 1     
	   5 Input      2 Bit        Muxes := 1     
	   4 Input      1 Bit        Muxes := 1     
---------------------------------------------------------------------------------
Finished RTL Hierarchical Component Statistics
---------------------------------------------------------------------------------
---------------------------------------------------------------------------------
Start Part Resource Summary
---------------------------------------------------------------------------------
Part Resources:
DSPs: 240 (col length:80)
BRAMs: 270 (col length: RAMB18 80 RAMB36 40)
---------------------------------------------------------------------------------
Finished Part Resource Summary
---------------------------------------------------------------------------------
Start Parallel Synthesis Optimization  : Time (s): cpu = 00:00:22 ; elapsed = 00:00:24 . Memory (MB): peak = 605.367 ; gain = 393.492
---------------------------------------------------------------------------------
Start Cross Boundary Optimization
---------------------------------------------------------------------------------
---------------------------------------------------------------------------------
Finished Cross Boundary Optimization : Time (s): cpu = 00:00:22 ; elapsed = 00:00:24 . Memory (MB): peak = 605.367 ; gain = 393.492
---------------------------------------------------------------------------------
Finished Parallel Reinference  : Time (s): cpu = 00:00:22 ; elapsed = 00:00:24 . Memory (MB): peak = 605.367 ; gain = 393.492

Report RTL Partitions: 
+-+--------------+------------+----------+
| |RTL Partition |Replication |Instances |
+-+--------------+------------+----------+
+-+--------------+------------+----------+
WARNING: [Synth 8-3332] Sequential element (\clk1/q_reg[27] ) is unused and will be removed from module lab7_1.
WARNING: [Synth 8-3332] Sequential element (\clk1/q_reg[28] ) is unused and will be removed from module lab7_1.
---------------------------------------------------------------------------------
Start Area Optimization
---------------------------------------------------------------------------------
---------------------------------------------------------------------------------
Finished Area Optimization : Time (s): cpu = 00:00:22 ; elapsed = 00:00:25 . Memory (MB): peak = 605.367 ; gain = 393.492
---------------------------------------------------------------------------------
Finished Parallel Area Optimization  : Time (s): cpu = 00:00:22 ; elapsed = 00:00:25 . Memory (MB): peak = 605.367 ; gain = 393.492

Report RTL Partitions: 
+-+--------------+------------+----------+
| |RTL Partition |Replication |Instances |
+-+--------------+------------+----------+
+-+--------------+------------+----------+
Finished Parallel Synthesis Optimization  : Time (s): cpu = 00:00:22 ; elapsed = 00:00:25 . Memory (MB): peak = 605.367 ; gain = 393.492
---------------------------------------------------------------------------------
Start Timing Optimization
---------------------------------------------------------------------------------
---------------------------------------------------------------------------------
Start Applying XDC Timing Constraints
---------------------------------------------------------------------------------
incorrect argument "-dict" for "set_property" at line 3 of file C:/Users/Administrator/Desktop/study/shuluolab/lab7/lab7_1/lab7_1.srcs/constrs_1/new/lab7_1.xdc
incorrect set of required parameters for "set_property" at line 3 of file C:/Users/Administrator/Desktop/study/shuluolab/lab7/lab7_1/lab7_1.srcs/constrs_1/new/lab7_1.xdc
---------------------------------------------------------------------
Usage:
  set_property
    [-help]
    [-quiet]
    attribute
    value
    object
    [{>|>>} <stdoutFile>]
---------------------------------------------------------------------
incorrect argument "-dict" for "set_property" at line 9 of file C:/Users/Administrator/Desktop/study/shuluolab/lab7/lab7_1/lab7_1.srcs/constrs_1/new/lab7_1.xdc
incorrect set of required parameters for "set_property" at line 9 of file C:/Users/Administrator/Desktop/study/shuluolab/lab7/lab7_1/lab7_1.srcs/constrs_1/new/lab7_1.xdc
---------------------------------------------------------------------
Usage:
  set_property
    [-help]
    [-quiet]
    attribute
    value
    object
    [{>|>>} <stdoutFile>]
---------------------------------------------------------------------
incorrect argument "-dict" for "set_property" at line 10 of file C:/Users/Administrator/Desktop/study/shuluolab/lab7/lab7_1/lab7_1.srcs/constrs_1/new/lab7_1.xdc
incorrect set of required parameters for "set_property" at line 10 of file C:/Users/Administrator/Desktop/study/shuluolab/lab7/lab7_1/lab7_1.srcs/constrs_1/new/lab7_1.xdc
---------------------------------------------------------------------
Usage:
  set_property
    [-help]
    [-quiet]
    attribute
    value
    object
    [{>|>>} <stdoutFile>]
---------------------------------------------------------------------
incorrect argument "-dict" for "set_property" at line 11 of file C:/Users/Administrator/Desktop/study/shuluolab/lab7/lab7_1/lab7_1.srcs/constrs_1/new/lab7_1.xdc
incorrect set of required parameters for "set_property" at line 11 of file C:/Users/Administrator/Desktop/study/shuluolab/lab7/lab7_1/lab7_1.srcs/constrs_1/new/lab7_1.xdc
---------------------------------------------------------------------
Usage:
  set_property
    [-help]
    [-quiet]
    attribute
    value
    object
    [{>|>>} <stdoutFile>]
---------------------------------------------------------------------
incorrect argument "-dict" for "set_property" at line 17 of file C:/Users/Administrator/Desktop/study/shuluolab/lab7/lab7_1/lab7_1.srcs/constrs_1/new/lab7_1.xdc
incorrect set of required parameters for "set_property" at line 17 of file C:/Users/Administrator/Desktop/study/shuluolab/lab7/lab7_1/lab7_1.srcs/constrs_1/new/lab7_1.xdc
---------------------------------------------------------------------
Usage:
  set_property
    [-help]
    [-quiet]
    attribute
    value
    object
    [{>|>>} <stdoutFile>]
---------------------------------------------------------------------
incorrect argument "-dict" for "set_property" at line 18 of file C:/Users/Administrator/Desktop/study/shuluolab/lab7/lab7_1/lab7_1.srcs/constrs_1/new/lab7_1.xdc
incorrect set of required parameters for "set_property" at line 18 of file C:/Users/Administrator/Desktop/study/shuluolab/lab7/lab7_1/lab7_1.srcs/constrs_1/new/lab7_1.xdc
---------------------------------------------------------------------
Usage:
  set_property
    [-help]
    [-quiet]
    attribute
    value
    object
    [{>|>>} <stdoutFile>]
---------------------------------------------------------------------
incorrect argument "-dict" for "set_property" at line 19 of file C:/Users/Administrator/Desktop/study/shuluolab/lab7/lab7_1/lab7_1.srcs/constrs_1/new/lab7_1.xdc
incorrect set of required parameters for "set_property" at line 19 of file C:/Users/Administrator/Desktop/study/shuluolab/lab7/lab7_1/lab7_1.srcs/constrs_1/new/lab7_1.xdc
---------------------------------------------------------------------
Usage:
  set_property
    [-help]
    [-quiet]
    attribute
    value
    object
    [{>|>>} <stdoutFile>]
---------------------------------------------------------------------
incorrect argument "-dict" for "set_property" at line 20 of file C:/Users/Administrator/Desktop/study/shuluolab/lab7/lab7_1/lab7_1.srcs/constrs_1/new/lab7_1.xdc
incorrect set of required parameters for "set_property" at line 20 of file C:/Users/Administrator/Desktop/study/shuluolab/lab7/lab7_1/lab7_1.srcs/constrs_1/new/lab7_1.xdc
---------------------------------------------------------------------
Usage:
  set_property
    [-help]
    [-quiet]
    attribute
    value
    object
    [{>|>>} <stdoutFile>]
---------------------------------------------------------------------
incorrect argument "-dict" for "set_property" at line 21 of file C:/Users/Administrator/Desktop/study/shuluolab/lab7/lab7_1/lab7_1.srcs/constrs_1/new/lab7_1.xdc
incorrect set of required parameters for "set_property" at line 21 of file C:/Users/Administrator/Desktop/study/shuluolab/lab7/lab7_1/lab7_1.srcs/constrs_1/new/lab7_1.xdc
---------------------------------------------------------------------
Usage:
  set_property
    [-help]
    [-quiet]
    attribute
    value
    object
    [{>|>>} <stdoutFile>]
---------------------------------------------------------------------
incorrect argument "-dict" for "set_property" at line 22 of file C:/Users/Administrator/Desktop/study/shuluolab/lab7/lab7_1/lab7_1.srcs/constrs_1/new/lab7_1.xdc
incorrect set of required parameters for "set_property" at line 22 of file C:/Users/Administrator/Desktop/study/shuluolab/lab7/lab7_1/lab7_1.srcs/constrs_1/new/lab7_1.xdc
---------------------------------------------------------------------
Usage:
  set_property
    [-help]
    [-quiet]
    attribute
    value
    object
    [{>|>>} <stdoutFile>]
---------------------------------------------------------------------
incorrect argument "-dict" for "set_property" at line 23 of file C:/Users/Administrator/Desktop/study/shuluolab/lab7/lab7_1/lab7_1.srcs/constrs_1/new/lab7_1.xdc
incorrect set of required parameters for "set_property" at line 23 of file C:/Users/Administrator/Desktop/study/shuluolab/lab7/lab7_1/lab7_1.srcs/constrs_1/new/lab7_1.xdc
---------------------------------------------------------------------
Usage:
  set_property
    [-help]
    [-quiet]
    attribute
    value
    object
    [{>|>>} <stdoutFile>]
---------------------------------------------------------------------
incorrect argument "-dict" for "set_property" at line 24 of file C:/Users/Administrator/Desktop/study/shuluolab/lab7/lab7_1/lab7_1.srcs/constrs_1/new/lab7_1.xdc
incorrect set of required parameters for "set_property" at line 24 of file C:/Users/Administrator/Desktop/study/shuluolab/lab7/lab7_1/lab7_1.srcs/constrs_1/new/lab7_1.xdc
---------------------------------------------------------------------
Usage:
  set_property
    [-help]
    [-quiet]
    attribute
    value
    object
    [{>|>>} <stdoutFile>]
---------------------------------------------------------------------
incorrect argument "-dict" for "set_property" at line 25 of file C:/Users/Administrator/Desktop/study/shuluolab/lab7/lab7_1/lab7_1.srcs/constrs_1/new/lab7_1.xdc
incorrect set of required parameters for "set_property" at line 25 of file C:/Users/Administrator/Desktop/study/shuluolab/lab7/lab7_1/lab7_1.srcs/constrs_1/new/lab7_1.xdc
---------------------------------------------------------------------
Usage:
  set_property
    [-help]
    [-quiet]
    attribute
    value
    object
    [{>|>>} <stdoutFile>]
---------------------------------------------------------------------
incorrect argument "-dict" for "set_property" at line 26 of file C:/Users/Administrator/Desktop/study/shuluolab/lab7/lab7_1/lab7_1.srcs/constrs_1/new/lab7_1.xdc
incorrect set of required parameters for "set_property" at line 26 of file C:/Users/Administrator/Desktop/study/shuluolab/lab7/lab7_1/lab7_1.srcs/constrs_1/new/lab7_1.xdc
---------------------------------------------------------------------
Usage:
  set_property
    [-help]
    [-quiet]
    attribute
    value
    object
    [{>|>>} <stdoutFile>]
---------------------------------------------------------------------
incorrect argument "-dict" for "set_property" at line 27 of file C:/Users/Administrator/Desktop/study/shuluolab/lab7/lab7_1/lab7_1.srcs/constrs_1/new/lab7_1.xdc
incorrect set of required parameters for "set_property" at line 27 of file C:/Users/Administrator/Desktop/study/shuluolab/lab7/lab7_1/lab7_1.srcs/constrs_1/new/lab7_1.xdc
---------------------------------------------------------------------
Usage:
  set_property
    [-help]
    [-quiet]
    attribute
    value
    object
    [{>|>>} <stdoutFile>]
---------------------------------------------------------------------
incorrect argument "-dict" for "set_property" at line 28 of file C:/Users/Administrator/Desktop/study/shuluolab/lab7/lab7_1/lab7_1.srcs/constrs_1/new/lab7_1.xdc
incorrect set of required parameters for "set_property" at line 28 of file C:/Users/Administrator/Desktop/study/shuluolab/lab7/lab7_1/lab7_1.srcs/constrs_1/new/lab7_1.xdc
---------------------------------------------------------------------
Usage:
  set_property
    [-help]
    [-quiet]
    attribute
    value
    object
    [{>|>>} <stdoutFile>]
---------------------------------------------------------------------
---------------------------------------------------------------------------------
Finished Applying XDC Timing Constraints : Time (s): cpu = 00:00:43 ; elapsed = 00:00:46 . Memory (MB): peak = 605.367 ; gain = 393.492
---------------------------------------------------------------------------------
---------------------------------------------------------------------------------
Finished Timing Optimization : Time (s): cpu = 00:00:43 ; elapsed = 00:00:46 . Memory (MB): peak = 605.367 ; gain = 393.492
---------------------------------------------------------------------------------

Report RTL Partitions: 
+-+--------------+------------+----------+
| |RTL Partition |Replication |Instances |
+-+--------------+------------+----------+
+-+--------------+------------+----------+
---------------------------------------------------------------------------------
Start Technology Mapping
---------------------------------------------------------------------------------
---------------------------------------------------------------------------------
Finished Technology Mapping : Time (s): cpu = 00:00:43 ; elapsed = 00:00:46 . Memory (MB): peak = 605.367 ; gain = 393.492
---------------------------------------------------------------------------------

Report RTL Partitions: 
+-+--------------+------------+----------+
| |RTL Partition |Replication |Instances |
+-+--------------+------------+----------+
+-+--------------+------------+----------+
---------------------------------------------------------------------------------
Start IO Insertion
---------------------------------------------------------------------------------
---------------------------------------------------------------------------------
Start Final Netlist Cleanup
---------------------------------------------------------------------------------
---------------------------------------------------------------------------------
Finished Final Netlist Cleanup
---------------------------------------------------------------------------------
---------------------------------------------------------------------------------
Finished IO Insertion : Time (s): cpu = 00:00:44 ; elapsed = 00:00:47 . Memory (MB): peak = 605.367 ; gain = 393.492
---------------------------------------------------------------------------------

Report Check Netlist: 
+------+------------------+-------+---------+-------+------------------+
|      |Item              |Errors |Warnings |Status |Description       |
+------+------------------+-------+---------+-------+------------------+
|1     |multi_driven_nets |      0|        0|Passed |Multi driven nets |
+------+------------------+-------+---------+-------+------------------+
---------------------------------------------------------------------------------
Start Renaming Generated Instances
---------------------------------------------------------------------------------
---------------------------------------------------------------------------------
Finished Renaming Generated Instances : Time (s): cpu = 00:00:44 ; elapsed = 00:00:47 . Memory (MB): peak = 605.367 ; gain = 393.492
---------------------------------------------------------------------------------

Report RTL Partitions: 
+-+--------------+------------+----------+
| |RTL Partition |Replication |Instances |
+-+--------------+------------+----------+
+-+--------------+------------+----------+
---------------------------------------------------------------------------------
Start Rebuilding User Hierarchy
---------------------------------------------------------------------------------
---------------------------------------------------------------------------------
Finished Rebuilding User Hierarchy : Time (s): cpu = 00:00:44 ; elapsed = 00:00:47 . Memory (MB): peak = 605.367 ; gain = 393.492
---------------------------------------------------------------------------------
---------------------------------------------------------------------------------
Start Renaming Generated Ports : Time (s): cpu = 00:00:44 ; elapsed = 00:00:47 . Memory (MB): peak = 605.367 ; gain = 393.492
---------------------------------------------------------------------------------
---------------------------------------------------------------------------------
Finished Renaming Generated Ports : Time (s): cpu = 00:00:44 ; elapsed = 00:00:47 . Memory (MB): peak = 605.367 ; gain = 393.492
---------------------------------------------------------------------------------
---------------------------------------------------------------------------------
Start Writing Synthesis Report
---------------------------------------------------------------------------------

Report BlackBoxes: 
+-+--------------+----------+
| |BlackBox name |Instances |
+-+--------------+----------+
+-+--------------+----------+

Report Cell Usage: 
+------+-------+------+
|      |Cell   |Count |
+------+-------+------+
|1     |BUFG   |     1|
|2     |CARRY4 |     7|
|3     |LUT1   |    31|
|4     |LUT2   |     5|
|5     |LUT3   |     5|
|6     |LUT5   |     4|
|7     |FDCE   |     8|
|8     |FDRE   |    29|
|9     |LD     |     2|
|10    |IBUF   |     4|
|11    |OBUF   |    12|
+------+-------+------+

Report Instance Areas: 
+------+---------+-------+------+
|      |Instance |Module |Cells |
+------+---------+-------+------+
|1     |top      |       |   108|
|2     |  clk1   |clkdiv |    61|
+------+---------+-------+------+
---------------------------------------------------------------------------------
Finished Writing Synthesis Report : Time (s): cpu = 00:00:44 ; elapsed = 00:00:47 . Memory (MB): peak = 605.367 ; gain = 393.492
---------------------------------------------------------------------------------
Synthesis finished with 0 errors, 0 critical warnings and 3 warnings.
Synthesis Optimization Runtime : Time (s): cpu = 00:00:27 ; elapsed = 00:00:34 . Memory (MB): peak = 605.367 ; gain = 65.059
Synthesis Optimization Complete : Time (s): cpu = 00:00:44 ; elapsed = 00:00:48 . Memory (MB): peak = 605.367 ; gain = 393.492
INFO: [Project 1-571] Translating synthesized netlist
INFO: [Netlist 29-17] Analyzing 13 Unisim elements for replacement
INFO: [Netlist 29-28] Unisim Transformation completed in 0 CPU seconds
INFO: [Project 1-570] Preparing netlist for logic optimization
INFO: [Opt 31-138] Pushed 0 inverter(s) to 0 load pin(s).
INFO: [Project 1-111] Unisim Transformation Summary:
  A total of 2 instances were transformed.
  LD => LDCE: 2 instances

INFO: [Common 17-83] Releasing license: Synthesis
17 Infos, 5 Warnings, 0 Critical Warnings and 0 Errors encountered.
synth_design completed successfully
synth_design: Time (s): cpu = 00:00:43 ; elapsed = 00:00:46 . Memory (MB): peak = 605.367 ; gain = 384.070
report_utilization: Time (s): cpu = 00:00:00 ; elapsed = 00:00:00.110 . Memory (MB): peak = 605.367 ; gain = 0.000
INFO: [Common 17-206] Exiting Vivado at Mon Nov 28 09:47:02 2016...
